\BOOKMARK [0][-]{chapter*.1}{\376\377\000C\000o\000n\000t\000e\000n\000t\000s}{}% 1
\BOOKMARK [0][-]{chapter*.2}{\376\377\000L\000i\000s\000t\000\040\000o\000f\000\040\000F\000i\000g\000u\000r\000e\000s}{}% 2
\BOOKMARK [0][-]{chapter*.3}{\376\377\000L\000i\000s\000t\000\040\000o\000f\000\040\000T\000a\000b\000l\000e\000s}{}% 3
\BOOKMARK [0][-]{chapter*.4}{\376\377\000L\000i\000s\000t\000\040\000o\000f\000\040\000L\000i\000s\000t\000i\000n\000g\000s}{}% 4
\BOOKMARK [0][-]{chapter.1}{\376\377\0001\000\040\000I\000n\000t\000r\000o\000d\000u\000c\000t\000i\000o\000n}{}% 5
\BOOKMARK [1][-]{section.1.1}{\376\377\0001\000.\0001\000\040\000N\000o\000t\000\040\000a\000\040\000S\000e\000r\000i\000e\000s\000\040\000o\000f\000\040\000S\000u\000m\000m\000a\000r\000i\000e\000s}{chapter.1}% 6
\BOOKMARK [1][-]{section.1.2}{\376\377\0001\000.\0002\000\040\000R\000e\000a\000d\000\040\000A\000l\000l\000\040\000t\000h\000e\000\040\000P\000a\000p\000e\000r\000s\000\040\000a\000n\000d\000\040\000R\000e\000s\000e\000a\000r\000c\000h\000\040\000S\000o\000m\000e\000\040\000M\000o\000r\000e}{chapter.1}% 7
\BOOKMARK [1][-]{section.1.3}{\376\377\0001\000.\0003\000\040\000D\000i\000v\000i\000d\000i\000n\000g\000\040\000u\000p\000\040\000t\000h\000e\000\040\000F\000i\000e\000l\000d}{chapter.1}% 8
\BOOKMARK [1][-]{section.1.4}{\376\377\0001\000.\0004\000\040\000C\000o\000m\000p\000o\000s\000i\000n\000g\000\040\000a\000\040\000T\000i\000t\000l\000e\000\040\000a\000n\000d\000\040\000A\000b\000s\000t\000r\000a\000c\000t}{chapter.1}% 9
\BOOKMARK [1][-]{section.1.5}{\376\377\0001\000.\0005\000\040\000D\000o\000u\000b\000l\000e\000-\000S\000i\000d\000e\000d\000\040\000P\000r\000i\000n\000t\000i\000n\000g}{chapter.1}% 10
\BOOKMARK [1][-]{section.1.6}{\376\377\0001\000.\0006\000\040\000S\000i\000n\000g\000l\000e\000\040\000C\000h\000i\000l\000d\000r\000e\000n}{chapter.1}% 11
\BOOKMARK [1][-]{section.1.7}{\376\377\0001\000.\0007\000\040\000M\000a\000k\000e\000\040\000C\000a\000p\000t\000i\000o\000n\000s\000\040\000C\000a\000r\000r\000y\000\040\000t\000h\000e\000\040\000S\000t\000o\000r\000y\000\040\000T\000o\000o}{chapter.1}% 12
\BOOKMARK [1][-]{section.1.8}{\376\377\0001\000.\0008\000\040\000A\000v\000o\000i\000d\000\040\000O\000r\000p\000h\000a\000n\000\040\000F\000l\000o\000a\000t\000s}{chapter.1}% 13
\BOOKMARK [0][-]{chapter.2}{\376\377\0002\000\040\000S\000c\000r\000e\000e\000n\000\040\000R\000e\000a\000d\000e\000r\000s}{}% 14
\BOOKMARK [1][-]{section.2.1}{\376\377\0002\000.\0001\000\040\000J\000A\000W\000S}{chapter.2}% 15
\BOOKMARK [1][-]{section.2.2}{\376\377\0002\000.\0002\000\040\000N\000V\000D\000A}{chapter.2}% 16
\BOOKMARK [1][-]{section.2.3}{\376\377\0002\000.\0003\000\040\000V\000o\000i\000c\000e\000O\000v\000e\000r}{chapter.2}% 17
\BOOKMARK [1][-]{section.2.4}{\376\377\0002\000.\0004\000\040\000N\000a\000r\000r\000a\000t\000o\000r}{chapter.2}% 18
\BOOKMARK [1][-]{section.2.5}{\376\377\0002\000.\0005\000\040\000T\000a\000l\000k\000B\000a\000c\000k}{chapter.2}% 19
\BOOKMARK [1][-]{section.2.6}{\376\377\0002\000.\0006\000\040\000S\000c\000r\000e\000e\000n\000\040\000R\000e\000a\000d\000e\000r\000s\000\040\000C\000o\000m\000p\000a\000r\000i\000s\000o\000n}{chapter.2}% 20
\BOOKMARK [0][-]{chapter.3}{\376\377\0003\000\040\000H\000i\000e\000r\000a\000r\000c\000h\000y\000\040\000B\000r\000o\000w\000s\000e\000r\000s}{}% 21
\BOOKMARK [1][-]{section.3.1}{\376\377\0003\000.\0001\000\040\000N\000o\000d\000e\000-\000L\000i\000n\000k\000\040\000H\000i\000e\000r\000a\000r\000c\000h\000y\000\040\000B\000r\000o\000w\000s\000e\000r\000s}{chapter.3}% 22
\BOOKMARK [2][-]{subsection.3.1.1}{\376\377\0003\000.\0001\000.\0001\000\040\000L\000a\000y\000e\000r\000e\000d}{section.3.1}% 23
\BOOKMARK [2][-]{subsection.3.1.2}{\376\377\0003\000.\0001\000.\0002\000\040\000R\000a\000d\000i\000a\000l}{section.3.1}% 24
\BOOKMARK [1][-]{section.3.2}{\376\377\0003\000.\0002\000\040\000S\000p\000a\000c\000e\000-\000F\000i\000l\000l\000i\000n\000g\000\040\000H\000i\000e\000r\000a\000r\000c\000h\000y\000\040\000B\000r\000o\000w\000s\000e\000r\000s}{chapter.3}% 25
\BOOKMARK [2][-]{subsection.3.2.1}{\376\377\0003\000.\0002\000.\0001\000\040\000L\000a\000y\000e\000r\000e\000d}{section.3.2}% 26
\BOOKMARK [2][-]{subsection.3.2.2}{\376\377\0003\000.\0002\000.\0002\000\040\000R\000a\000d\000i\000a\000l}{section.3.2}% 27
\BOOKMARK [2][-]{subsection.3.2.3}{\376\377\0003\000.\0002\000.\0003\000\040\000I\000n\000c\000l\000u\000s\000i\000v\000e}{section.3.2}% 28
\BOOKMARK [2][-]{subsection.3.2.4}{\376\377\0003\000.\0002\000.\0004\000\040\000O\000v\000e\000r\000l\000a\000p\000p\000i\000n\000g}{section.3.2}% 29
\BOOKMARK [1][-]{section.3.3}{\376\377\0003\000.\0003\000\040\000E\000v\000a\000l\000u\000a\000t\000i\000n\000g\000\040\000H\000i\000e\000r\000a\000r\000c\000h\000y\000\040\000B\000r\000o\000w\000s\000e\000r\000s}{chapter.3}% 30
\BOOKMARK [2][-]{subsection.3.3.1}{\376\377\0003\000.\0003\000.\0001\000\040\000F\000o\000r\000m\000a\000t\000i\000v\000e\000\040\000S\000t\000u\000d\000i\000e\000s}{section.3.3}% 31
\BOOKMARK [2][-]{subsection.3.3.2}{\376\377\0003\000.\0003\000.\0002\000\040\000C\000o\000m\000p\000a\000r\000a\000t\000i\000v\000e\000\040\000S\000t\000u\000d\000i\000e\000s}{section.3.3}% 32
\BOOKMARK [0][-]{chapter.4}{\376\377\0004\000\040\000A\000c\000a\000d\000e\000m\000i\000c\000\040\000W\000r\000i\000t\000i\000n\000g}{}% 33
\BOOKMARK [1][-]{section.4.1}{\376\377\0004\000.\0001\000\040\000A\000c\000a\000d\000e\000m\000i\000c\000\040\000C\000r\000i\000t\000e\000r\000i\000a}{chapter.4}% 34
\BOOKMARK [1][-]{section.4.2}{\376\377\0004\000.\0002\000\040\000A\000c\000a\000d\000e\000m\000i\000c\000\040\000I\000n\000t\000e\000g\000r\000i\000t\000y}{chapter.4}% 35
\BOOKMARK [2][-]{subsection.4.2.1}{\376\377\0004\000.\0002\000.\0001\000\040\000P\000l\000a\000g\000i\000a\000r\000i\000s\000m}{section.4.2}% 36
\BOOKMARK [2][-]{subsection.4.2.2}{\376\377\0004\000.\0002\000.\0002\000\040\000B\000r\000e\000a\000c\000h\000\040\000o\000f\000\040\000C\000o\000p\000y\000r\000i\000g\000h\000t}{section.4.2}% 37
\BOOKMARK [1][-]{section.4.3}{\376\377\0004\000.\0003\000\040\000A\000c\000c\000e\000p\000t\000a\000b\000l\000e\000\040\000U\000s\000e}{chapter.4}% 38
\BOOKMARK [2][-]{subsection.4.3.1}{\376\377\0004\000.\0003\000.\0001\000\040\000P\000a\000r\000a\000p\000h\000r\000a\000s\000i\000n\000g\000\040\000\050\000I\000n\000d\000i\000r\000e\000c\000t\000\040\000Q\000u\000o\000t\000a\000t\000i\000o\000n\000\051}{section.4.3}% 39
\BOOKMARK [2][-]{subsection.4.3.2}{\376\377\0004\000.\0003\000.\0002\000\040\000Q\000u\000o\000t\000i\000n\000g\000\040\000T\000e\000x\000t\000\040\000\050\000D\000i\000r\000e\000c\000t\000\040\000Q\000u\000o\000t\000a\000t\000i\000o\000n\000\051}{section.4.3}% 40
\BOOKMARK [2][-]{subsection.4.3.3}{\376\377\0004\000.\0003\000.\0003\000\040\000Q\000u\000o\000t\000i\000n\000g\000\040\000I\000m\000a\000g\000e\000s}{section.4.3}% 41
\BOOKMARK [2][-]{subsection.4.3.4}{\376\377\0004\000.\0003\000.\0004\000\040\000A\000t\000t\000r\000i\000b\000u\000t\000i\000o\000n\000\040\000a\000n\000d\000\040\000P\000e\000r\000m\000i\000s\000s\000i\000o\000n}{section.4.3}% 42
\BOOKMARK [1][-]{section.4.4}{\376\377\0004\000.\0004\000\040\000R\000e\000f\000e\000r\000e\000n\000c\000e\000s}{chapter.4}% 43
\BOOKMARK [2][-]{subsection.4.4.1}{\376\377\0004\000.\0004\000.\0001\000\040\000C\000l\000e\000a\000n\000i\000n\000g\000\040\000D\000o\000w\000n\000l\000o\000a\000d\000e\000d\000\040\000B\000i\000b\000\040\000E\000n\000t\000r\000i\000e\000s}{section.4.4}% 44
\BOOKMARK [2][-]{subsection.4.4.2}{\376\377\0004\000.\0004\000.\0002\000\040\000W\000h\000a\000t\000\040\000t\000o\000\040\000R\000e\000f\000e\000r\000e\000n\000c\000e}{section.4.4}% 45
\BOOKMARK [2][-]{subsection.4.4.3}{\376\377\0004\000.\0004\000.\0003\000\040\000C\000i\000t\000i\000n\000g}{section.4.4}% 46
\BOOKMARK [0][-]{chapter.5}{\376\377\0005\000\040\000L\000a\000n\000g\000u\000a\000g\000e\000\040\000a\000n\000d\000\040\000W\000r\000i\000t\000i\000n\000g\000\040\000S\000t\000y\000l\000e}{}% 47
\BOOKMARK [1][-]{section.5.1}{\376\377\0005\000.\0001\000\040\000P\000a\000r\000a\000g\000r\000a\000p\000h\000s}{chapter.5}% 48
\BOOKMARK [1][-]{section.5.2}{\376\377\0005\000.\0002\000\040\000S\000o\000m\000e\000\040\000B\000a\000s\000i\000c\000\040\000R\000u\000l\000e\000s\000\040\000o\000f\000\040\000E\000n\000g\000l\000i\000s\000h}{chapter.5}% 49
\BOOKMARK [1][-]{section.5.3}{\376\377\0005\000.\0003\000\040\000E\000n\000g\000l\000i\000s\000h\000\040\000U\000s\000a\000g\000e}{chapter.5}% 50
\BOOKMARK [1][-]{section.5.4}{\376\377\0005\000.\0004\000\040\000C\000l\000e\000a\000r\000\040\000W\000r\000i\000t\000i\000n\000g}{chapter.5}% 51
\BOOKMARK [1][-]{section.5.5}{\376\377\0005\000.\0005\000\040\000A\000v\000o\000i\000d\000i\000n\000g\000\040\000G\000e\000n\000d\000e\000r\000\040\000B\000i\000a\000s}{chapter.5}% 52
\BOOKMARK [1][-]{section.5.6}{\376\377\0005\000.\0006\000\040\000W\000h\000e\000n\000\040\000t\000o\000\040\000u\000s\000e\000\040\000C\000a\000p\000i\000t\000a\000l\000i\000s\000a\000t\000i\000o\000n}{chapter.5}% 53
\BOOKMARK [2][-]{subsection.5.6.1}{\376\377\0005\000.\0006\000.\0001\000\040\000T\000i\000t\000l\000e\000s\000\040\000a\000n\000d\000\040\000H\000e\000a\000d\000i\000n\000g\000s}{section.5.6}% 54
\BOOKMARK [2][-]{subsection.5.6.2}{\376\377\0005\000.\0006\000.\0002\000\040\000C\000a\000p\000t\000i\000o\000n\000s}{section.5.6}% 55
\BOOKMARK [2][-]{subsection.5.6.3}{\376\377\0005\000.\0006\000.\0003\000\040\000C\000h\000a\000p\000t\000e\000r\000s\000,\000\040\000S\000e\000c\000t\000i\000o\000n\000s\000,\000\040\000F\000i\000g\000u\000r\000e\000s\000\040\000a\000n\000d\000\040\000T\000a\000b\000l\000e\000s}{section.5.6}% 56
\BOOKMARK [1][-]{section.5.7}{\376\377\0005\000.\0007\000\040\000U\000s\000e\000\040\000a\000\040\000S\000p\000e\000l\000l\000i\000n\000g\000\040\000C\000h\000e\000c\000k\000e\000r}{chapter.5}% 57
\BOOKMARK [1][-]{section.5.8}{\376\377\0005\000.\0008\000\040\000U\000s\000e\000\040\000a\000\040\000D\000i\000c\000t\000i\000o\000n\000a\000r\000y}{chapter.5}% 58
\BOOKMARK [1][-]{section.5.9}{\376\377\0005\000.\0009\000\040\000U\000s\000e\000\040\000a\000\040\000T\000h\000e\000s\000a\000u\000r\000u\000s}{chapter.5}% 59
\BOOKMARK [0][-]{chapter.6}{\376\377\0006\000\040\000G\000i\000v\000i\000n\000g\000\040\000a\000\040\000P\000r\000e\000s\000e\000n\000t\000a\000t\000i\000o\000n}{}% 60
\BOOKMARK [1][-]{section.6.1}{\376\377\0006\000.\0001\000\040\000T\000y\000p\000e\000s\000\040\000o\000f\000\040\000P\000r\000e\000s\000e\000n\000t\000a\000t\000i\000o\000n}{chapter.6}% 61
\BOOKMARK [1][-]{section.6.2}{\376\377\0006\000.\0002\000\040\000G\000u\000i\000d\000e\000l\000i\000n\000e\000s\000\040\000f\000o\000r\000\040\000P\000r\000e\000s\000e\000n\000t\000a\000t\000i\000o\000n\000s}{chapter.6}% 62
\BOOKMARK [1][-]{section.6.3}{\376\377\0006\000.\0003\000\040\000G\000u\000i\000d\000e\000l\000i\000n\000e\000s\000\040\000f\000o\000r\000\040\000E\000f\000f\000e\000c\000t\000i\000v\000e\000\040\000S\000l\000i\000d\000e\000s}{chapter.6}% 63
\BOOKMARK [2][-]{subsection.6.3.1}{\376\377\0006\000.\0003\000.\0001\000\040\000U\000s\000a\000b\000i\000l\000i\000t\000y}{section.6.3}% 64
\BOOKMARK [2][-]{subsection.6.3.2}{\376\377\0006\000.\0003\000.\0002\000\040\000M\000i\000n\000i\000m\000i\000s\000e\000\040\000D\000i\000s\000t\000r\000a\000c\000t\000i\000o\000n\000s}{section.6.3}% 65
\BOOKMARK [2][-]{subsection.6.3.3}{\376\377\0006\000.\0003\000.\0003\000\040\000S\000l\000i\000d\000e\000\040\000C\000o\000n\000t\000e\000n\000t}{section.6.3}% 66
\BOOKMARK [2][-]{subsection.6.3.4}{\376\377\0006\000.\0003\000.\0004\000\040\000A\000c\000a\000d\000e\000m\000i\000c\000\040\000C\000r\000i\000t\000e\000r\000i\000a}{section.6.3}% 67
\BOOKMARK [0][-]{chapter.7}{\376\377\0007\000\040\000T\000e\000c\000h\000n\000i\000c\000a\000l\000\040\000R\000e\000a\000l\000i\000s\000a\000t\000i\000o\000n}{}% 68
\BOOKMARK [1][-]{section.7.1}{\376\377\0007\000.\0001\000\040\000L\000a\000T\000e\000X}{chapter.7}% 69
\BOOKMARK [2][-]{subsection.7.1.1}{\376\377\0007\000.\0001\000.\0001\000\040\000L\000i\000t\000e\000r\000a\000t\000u\000r\000e\000\040\000a\000n\000d\000\040\000O\000n\000l\000i\000n\000e\000\040\000R\000e\000s\000o\000u\000r\000c\000e\000s}{section.7.1}% 70
\BOOKMARK [2][-]{subsection.7.1.2}{\376\377\0007\000.\0001\000.\0002\000\040\000I\000n\000s\000t\000a\000l\000l\000i\000n\000g\000\040\000L\000a\000T\000e\000X\0002\003\265}{section.7.1}% 71
\BOOKMARK [2][-]{subsection.7.1.3}{\376\377\0007\000.\0001\000.\0003\000\040\000I\000n\000s\000t\000a\000l\000l\000i\000n\000g\000\040\000E\000x\000t\000r\000a\000\040\000L\000a\000T\000e\000X\0002\003\265\000P\000a\000c\000k\000a\000g\000e\000s}{section.7.1}% 72
\BOOKMARK [2][-]{subsection.7.1.4}{\376\377\0007\000.\0001\000.\0004\000\040\000R\000u\000n\000n\000i\000n\000g\000\040\000L\000a\000T\000e\000X\0002\003\265}{section.7.1}% 73
\BOOKMARK [2][-]{subsection.7.1.5}{\376\377\0007\000.\0001\000.\0005\000\040\000S\000p\000e\000l\000l\000\040\000C\000h\000e\000c\000k\000i\000n\000g}{section.7.1}% 74
\BOOKMARK [2][-]{subsection.7.1.6}{\376\377\0007\000.\0001\000.\0006\000\040\000I\000n\000t\000e\000g\000r\000a\000t\000e\000d\000\040\000D\000e\000v\000e\000l\000o\000p\000m\000e\000n\000t\000\040\000E\000n\000v\000i\000r\000o\000n\000m\000e\000n\000t\000s\000\040\000\050\000I\000D\000E\000s\000\051\000\040\000f\000o\000r\000\040\000L\000a\000T\000e\000X\0002\003\265}{section.7.1}% 75
\BOOKMARK [1][-]{section.7.2}{\376\377\0007\000.\0002\000\040\000I\000n\000c\000l\000u\000d\000i\000n\000g\000\040\000I\000m\000a\000g\000e\000s}{chapter.7}% 76
\BOOKMARK [2][-]{subsection.7.2.1}{\376\377\0007\000.\0002\000.\0001\000\040\000S\000c\000r\000e\000e\000n\000s\000h\000o\000t\000s}{section.7.2}% 77
\BOOKMARK [2][-]{subsection.7.2.2}{\376\377\0007\000.\0002\000.\0002\000\040\000D\000i\000a\000g\000r\000a\000m\000s\000\040\000a\000n\000d\000\040\000C\000h\000a\000r\000t\000s}{section.7.2}% 78
\BOOKMARK [1][-]{section.7.3}{\376\377\0007\000.\0003\000\040\000I\000n\000c\000l\000u\000d\000i\000n\000g\000\040\000L\000i\000s\000t\000i\000n\000g\000s}{chapter.7}% 79
\BOOKMARK [1][-]{section.7.4}{\376\377\0007\000.\0004\000\040\000B\000i\000b\000l\000a\000t\000e\000x\000\040\000a\000n\000d\000\040\000B\000i\000b\000e\000r}{chapter.7}% 80
\BOOKMARK [0][-]{chapter.8}{\376\377\0008\000\040\000S\000e\000l\000e\000c\000t\000e\000d\000\040\000E\000x\000a\000m\000p\000l\000e\000s\000\040\000o\000f\000\040\000D\000o\000i\000n\000g\000\040\000T\000h\000i\000n\000g\000s\000\040\000w\000i\000t\000h\000\040\000L\000a\000T\000e\000X\0002\003\265\000\040\000\050\000a\000n\000d\000\040\000T\000e\000s\000t\000\040\000o\000f\000\040\000E\000x\000t\000r\000e\000m\000e\000l\000y\000\040\000L\000o\000n\000g\000\040\000C\000h\000a\000p\000t\000e\000r\000\040\000T\000i\000t\000l\000e\000s\000\040\000t\000o\000\040\000S\000e\000e\000\040\000H\000o\000w\000\040\000T\000h\000e\000y\000\040\000W\000o\000r\000k\000\040\000O\000r\000\040\000N\000o\000t\000\051\000\040}{}% 81
\BOOKMARK [1][-]{section.8.1}{\376\377\0008\000.\0001\000\040\000I\000n\000c\000l\000u\000d\000i\000n\000g\000\040\000S\000c\000r\000e\000e\000n\000s\000h\000o\000t\000s}{chapter.8}% 82
\BOOKMARK [1][-]{section.8.2}{\376\377\0008\000.\0002\000\040\000U\000s\000i\000n\000g\000\040\000S\000u\000b\000f\000i\000g\000u\000r\000e\000s}{chapter.8}% 83
\BOOKMARK [1][-]{section.8.3}{\376\377\0008\000.\0003\000\040\000I\000n\000c\000l\000u\000d\000i\000n\000g\000\040\000V\000e\000c\000t\000o\000r\000\040\000G\000r\000a\000p\000h\000i\000c\000s}{chapter.8}% 84
\BOOKMARK [1][-]{section.8.4}{\376\377\0008\000.\0004\000\040\000U\000s\000i\000n\000g\000\040\000T\000a\000b\000l\000e\000s}{chapter.8}% 85
\BOOKMARK [1][-]{section.8.5}{\376\377\0008\000.\0005\000\040\000U\000s\000i\000n\000g\000\040\000S\000p\000e\000c\000i\000a\000l\000\040\000C\000h\000a\000r\000a\000c\000t\000e\000r\000s\000\040\000a\000n\000d\000\040\000S\000y\000m\000b\000o\000l\000s}{chapter.8}% 86
\BOOKMARK [1][-]{section.8.6}{\376\377\0008\000.\0006\000\040\000U\000s\000i\000n\000g\000\040\000M\000a\000c\000r\000o\000s\000\040\000t\000o\000\040\000S\000t\000y\000l\000e\000\040\000S\000p\000e\000c\000i\000a\000l\000\040\000N\000a\000m\000e\000s}{chapter.8}% 87
\BOOKMARK [1][-]{section.8.7}{\376\377\0008\000.\0007\000\040\000U\000s\000i\000n\000g\000\040\000F\000l\000o\000a\000t\000i\000n\000g\000\040\000L\000i\000s\000t\000i\000n\000g\000s}{chapter.8}% 88
\BOOKMARK [1][-]{section.8.8}{\376\377\0008\000.\0008\000\040\000U\000s\000i\000n\000g\000\040\000N\000o\000n\000-\000F\000l\000o\000a\000t\000i\000n\000g\000\040\000D\000i\000p\000l\000a\000y\000e\000d\000\040\000L\000i\000s\000t\000i\000n\000g\000s}{chapter.8}% 89
\BOOKMARK [1][-]{section.8.9}{\376\377\0008\000.\0009\000\040\000U\000s\000i\000n\000g\000\040\000I\000n\000l\000i\000n\000e\000\040\000L\000i\000s\000t\000i\000n\000g\000s}{chapter.8}% 90
\BOOKMARK [1][-]{section.8.10}{\376\377\0008\000.\0001\0000\000\040\000U\000s\000i\000n\000g\000\040\000L\000i\000s\000t\000s}{chapter.8}% 91
\BOOKMARK [0][-]{chapter.9}{\376\377\0009\000\040\000C\000o\000n\000c\000l\000u\000d\000i\000n\000g\000\040\000R\000e\000m\000a\000r\000k\000s}{}% 92
